[0.410s] DEBUG:colcon:Command line arguments: ['/usr/bin/colcon', 'build']
[0.410s] DEBUG:colcon:Parsed command line arguments: Namespace(allow_overriding=[], ament_cmake_args=None, base_paths=['.'], build_base='build', catkin_cmake_args=None, catkin_skip_building_tests=False, cmake_args=None, cmake_clean_cache=False, cmake_clean_first=False, cmake_force_configure=False, cmake_target=None, cmake_target_skip_unavailable=False, continue_on_error=False, event_handlers=None, executor='parallel', ignore_user_meta=False, install_base='install', log_base=None, log_level=None, main=<bound method BuildVerb.main of <colcon_core.verb.build.BuildVerb object at 0x7f1648bbf7f0>>, merge_install=False, metas=['./colcon.meta'], packages_above=None, packages_above_and_dependencies=None, packages_above_depth=None, packages_end=None, packages_ignore=None, packages_ignore_regex=None, packages_select=None, packages_select_build_failed=False, packages_select_by_dep=None, packages_select_regex=None, packages_select_test_failures=False, packages_skip=None, packages_skip_build_finished=False, packages_skip_by_dep=None, packages_skip_regex=None, packages_skip_test_passed=False, packages_skip_up_to=None, packages_start=None, packages_up_to=None, packages_up_to_regex=None, parallel_workers=8, paths=None, symlink_install=False, test_result_base=None, verb_extension=<colcon_core.verb.build.BuildVerb object at 0x7f1648bbf7f0>, verb_name='build', verb_parser=<colcon_defaults.argument_parser.defaults.DefaultArgumentsDecorator object at 0x7f164819d0a0>)
[0.424s] Level 1:colcon.colcon_core.package_discovery:discover_packages(colcon_meta) check parameters
[0.424s] Level 1:colcon.colcon_core.package_discovery:discover_packages(recursive) check parameters
[0.424s] Level 1:colcon.colcon_core.package_discovery:discover_packages(ignore) check parameters
[0.424s] Level 1:colcon.colcon_core.package_discovery:discover_packages(path) check parameters
[0.424s] Level 1:colcon.colcon_core.package_discovery:discover_packages(colcon_meta) discover
[0.424s] Level 1:colcon.colcon_core.package_discovery:discover_packages(recursive) discover
[0.424s] INFO:colcon.colcon_core.package_discovery:Crawling recursively for packages in '/home/qiliang/fastdds_examples/TypicalExample/ros2com'
[0.424s] Level 1:colcon.colcon_core.package_identification:_identify(.) by extensions ['ignore', 'ignore_ament_install']
[0.425s] Level 1:colcon.colcon_core.package_identification:_identify(.) by extension 'ignore'
[0.425s] Level 1:colcon.colcon_core.package_identification:_identify(.) by extension 'ignore_ament_install'
[0.425s] Level 1:colcon.colcon_core.package_identification:_identify(.) by extensions ['colcon_pkg']
[0.425s] Level 1:colcon.colcon_core.package_identification:_identify(.) by extension 'colcon_pkg'
[0.425s] Level 1:colcon.colcon_core.package_identification:_identify(.) by extensions ['colcon_meta']
[0.425s] Level 1:colcon.colcon_core.package_identification:_identify(.) by extension 'colcon_meta'
[0.425s] Level 1:colcon.colcon_core.package_identification:_identify(.) by extensions ['ros']
[0.425s] Level 1:colcon.colcon_core.package_identification:_identify(.) by extension 'ros'
[0.439s] Level 1:colcon.colcon_core.package_identification:_identify(.) by extensions ['cmake', 'python']
[0.439s] Level 1:colcon.colcon_core.package_identification:_identify(.) by extension 'cmake'
[0.439s] Level 1:colcon.colcon_core.package_identification:_identify(.) by extension 'python'
[0.439s] Level 1:colcon.colcon_core.package_identification:_identify(.) by extensions ['python_setup_py']
[0.440s] Level 1:colcon.colcon_core.package_identification:_identify(.) by extension 'python_setup_py'
[0.440s] Level 1:colcon.colcon_core.package_identification:_identify(build) by extensions ['ignore', 'ignore_ament_install']
[0.440s] Level 1:colcon.colcon_core.package_identification:_identify(build) by extension 'ignore'
[0.440s] Level 1:colcon.colcon_core.package_identification:_identify(build) ignored
[0.440s] Level 1:colcon.colcon_core.package_identification:_identify(fastdds_record_typesupport) by extensions ['ignore', 'ignore_ament_install']
[0.440s] Level 1:colcon.colcon_core.package_identification:_identify(fastdds_record_typesupport) by extension 'ignore'
[0.440s] Level 1:colcon.colcon_core.package_identification:_identify(fastdds_record_typesupport) by extension 'ignore_ament_install'
[0.440s] Level 1:colcon.colcon_core.package_identification:_identify(fastdds_record_typesupport) by extensions ['colcon_pkg']
[0.440s] Level 1:colcon.colcon_core.package_identification:_identify(fastdds_record_typesupport) by extension 'colcon_pkg'
[0.440s] Level 1:colcon.colcon_core.package_identification:_identify(fastdds_record_typesupport) by extensions ['colcon_meta']
[0.440s] Level 1:colcon.colcon_core.package_identification:_identify(fastdds_record_typesupport) by extension 'colcon_meta'
[0.441s] Level 1:colcon.colcon_core.package_identification:_identify(fastdds_record_typesupport) by extensions ['ros']
[0.441s] Level 1:colcon.colcon_core.package_identification:_identify(fastdds_record_typesupport) by extension 'ros'
[0.443s] DEBUG:colcon.colcon_core.package_identification:Package 'fastdds_record_typesupport' with type 'ros.ament_cmake' and name 'fastdds_record_typesupport'
[0.443s] Level 1:colcon.colcon_core.package_identification:_identify(install) by extensions ['ignore', 'ignore_ament_install']
[0.443s] Level 1:colcon.colcon_core.package_identification:_identify(install) by extension 'ignore'
[0.443s] Level 1:colcon.colcon_core.package_identification:_identify(install) ignored
[0.443s] Level 1:colcon.colcon_core.package_identification:_identify(log) by extensions ['ignore', 'ignore_ament_install']
[0.443s] Level 1:colcon.colcon_core.package_identification:_identify(log) by extension 'ignore'
[0.443s] Level 1:colcon.colcon_core.package_identification:_identify(log) ignored
[0.443s] Level 1:colcon.colcon_core.package_discovery:discover_packages(recursive) using defaults
[0.443s] Level 1:colcon.colcon_core.package_discovery:discover_packages(ignore) discover
[0.443s] Level 1:colcon.colcon_core.package_discovery:discover_packages(ignore) using defaults
[0.443s] Level 1:colcon.colcon_core.package_discovery:discover_packages(path) discover
[0.443s] Level 1:colcon.colcon_core.package_discovery:discover_packages(path) using defaults
[0.465s] Level 5:colcon.colcon_core.verb:set package 'fastdds_record_typesupport' build argument 'cmake_args' from command line to 'None'
[0.465s] Level 5:colcon.colcon_core.verb:set package 'fastdds_record_typesupport' build argument 'cmake_target' from command line to 'None'
[0.465s] Level 5:colcon.colcon_core.verb:set package 'fastdds_record_typesupport' build argument 'cmake_target_skip_unavailable' from command line to 'False'
[0.465s] Level 5:colcon.colcon_core.verb:set package 'fastdds_record_typesupport' build argument 'cmake_clean_cache' from command line to 'False'
[0.465s] Level 5:colcon.colcon_core.verb:set package 'fastdds_record_typesupport' build argument 'cmake_clean_first' from command line to 'False'
[0.465s] Level 5:colcon.colcon_core.verb:set package 'fastdds_record_typesupport' build argument 'cmake_force_configure' from command line to 'False'
[0.465s] Level 5:colcon.colcon_core.verb:set package 'fastdds_record_typesupport' build argument 'ament_cmake_args' from command line to 'None'
[0.465s] Level 5:colcon.colcon_core.verb:set package 'fastdds_record_typesupport' build argument 'catkin_cmake_args' from command line to 'None'
[0.465s] Level 5:colcon.colcon_core.verb:set package 'fastdds_record_typesupport' build argument 'catkin_skip_building_tests' from command line to 'False'
[0.465s] DEBUG:colcon.colcon_core.verb:Building package 'fastdds_record_typesupport' with the following arguments: {'ament_cmake_args': None, 'build_base': '/home/qiliang/fastdds_examples/TypicalExample/ros2com/build/fastdds_record_typesupport', 'catkin_cmake_args': None, 'catkin_skip_building_tests': False, 'cmake_args': None, 'cmake_clean_cache': False, 'cmake_clean_first': False, 'cmake_force_configure': False, 'cmake_target': None, 'cmake_target_skip_unavailable': False, 'install_base': '/home/qiliang/fastdds_examples/TypicalExample/ros2com/install/fastdds_record_typesupport', 'merge_install': False, 'path': '/home/qiliang/fastdds_examples/TypicalExample/ros2com/fastdds_record_typesupport', 'symlink_install': False, 'test_result_base': None}
[0.471s] INFO:colcon.colcon_core.executor:Executing jobs using 'parallel' executor
[0.473s] DEBUG:colcon.colcon_parallel_executor.executor.parallel:run_until_complete
[0.474s] INFO:colcon.colcon_ros.task.ament_cmake.build:Building ROS package in '/home/qiliang/fastdds_examples/TypicalExample/ros2com/fastdds_record_typesupport' with build type 'ament_cmake'
[0.474s] INFO:colcon.colcon_cmake.task.cmake.build:Building CMake package in '/home/qiliang/fastdds_examples/TypicalExample/ros2com/fastdds_record_typesupport'
[0.478s] INFO:colcon.colcon_core.plugin_system:Skipping extension 'colcon_core.shell.bat': Not used on non-Windows systems
[0.479s] INFO:colcon.colcon_core.shell:Skip shell extension 'powershell' for command environment: Not usable outside of PowerShell
[0.479s] DEBUG:colcon.colcon_core.shell:Skip shell extension 'dsv' for command environment
[0.483s] DEBUG:colcon.colcon_core.shell:Ignoring prefix path '/opt/ros/noetic'
[0.504s] DEBUG:colcon.colcon_core.event_handler.log_command:Invoking command in '/home/qiliang/fastdds_examples/TypicalExample/ros2com/build/fastdds_record_typesupport': CMAKE_PREFIX_PATH=/home/qiliang/Fast-DDS/install/fastrtps:/home/qiliang/Fast-DDS/install/foonathan_memory_vendor:/home/qiliang/Fast-DDS/install/fastcdr:/opt/ros/galactic:/opt/ros/noetic /usr/bin/cmake /home/qiliang/fastdds_examples/TypicalExample/ros2com/fastdds_record_typesupport -DCMAKE_INSTALL_PREFIX=/home/qiliang/fastdds_examples/TypicalExample/ros2com/install/fastdds_record_typesupport
[2.591s] DEBUG:colcon.colcon_core.event_handler.log_command:Invoked command in '/home/qiliang/fastdds_examples/TypicalExample/ros2com/build/fastdds_record_typesupport' returned '1': CMAKE_PREFIX_PATH=/home/qiliang/Fast-DDS/install/fastrtps:/home/qiliang/Fast-DDS/install/foonathan_memory_vendor:/home/qiliang/Fast-DDS/install/fastcdr:/opt/ros/galactic:/opt/ros/noetic /usr/bin/cmake /home/qiliang/fastdds_examples/TypicalExample/ros2com/fastdds_record_typesupport -DCMAKE_INSTALL_PREFIX=/home/qiliang/fastdds_examples/TypicalExample/ros2com/install/fastdds_record_typesupport
[2.634s] Level 1:colcon.colcon_core.environment:create_environment_scripts_only(fastdds_record_typesupport)
[2.645s] Level 1:colcon.colcon_core.environment:checking '/home/qiliang/fastdds_examples/TypicalExample/ros2com/install/fastdds_record_typesupport' for CMake module files
[2.646s] Level 1:colcon.colcon_core.environment:checking '/home/qiliang/fastdds_examples/TypicalExample/ros2com/install/fastdds_record_typesupport' for CMake config files
[2.647s] Level 1:colcon.colcon_core.environment:checking '/home/qiliang/fastdds_examples/TypicalExample/ros2com/install/fastdds_record_typesupport/bin'
[2.647s] Level 1:colcon.colcon_core.environment:checking '/home/qiliang/fastdds_examples/TypicalExample/ros2com/install/fastdds_record_typesupport/lib/pkgconfig/fastdds_record_typesupport.pc'
[2.647s] Level 1:colcon.colcon_core.environment:checking '/home/qiliang/fastdds_examples/TypicalExample/ros2com/install/fastdds_record_typesupport/lib/python3.8/site-packages'
[2.649s] INFO:colcon.colcon_core.shell:Creating package script '/home/qiliang/fastdds_examples/TypicalExample/ros2com/install/fastdds_record_typesupport/share/fastdds_record_typesupport/package.ps1'
[2.651s] INFO:colcon.colcon_core.shell:Creating package descriptor '/home/qiliang/fastdds_examples/TypicalExample/ros2com/install/fastdds_record_typesupport/share/fastdds_record_typesupport/package.dsv'
[2.651s] INFO:colcon.colcon_core.shell:Creating package script '/home/qiliang/fastdds_examples/TypicalExample/ros2com/install/fastdds_record_typesupport/share/fastdds_record_typesupport/package.sh'
[2.652s] INFO:colcon.colcon_core.shell:Creating package script '/home/qiliang/fastdds_examples/TypicalExample/ros2com/install/fastdds_record_typesupport/share/fastdds_record_typesupport/package.bash'
[2.653s] INFO:colcon.colcon_core.shell:Creating package script '/home/qiliang/fastdds_examples/TypicalExample/ros2com/install/fastdds_record_typesupport/share/fastdds_record_typesupport/package.zsh'
[2.653s] Level 1:colcon.colcon_core.environment:create_file_with_runtime_dependencies(/home/qiliang/fastdds_examples/TypicalExample/ros2com/install/fastdds_record_typesupport/share/colcon-core/packages/fastdds_record_typesupport)
[2.665s] DEBUG:colcon.colcon_parallel_executor.executor.parallel:closing loop
[2.665s] DEBUG:colcon.colcon_parallel_executor.executor.parallel:loop closed
[2.666s] DEBUG:colcon.colcon_parallel_executor.executor.parallel:run_until_complete finished with '1'
[2.666s] DEBUG:colcon.colcon_core.event_reactor:joining thread
[2.678s] INFO:colcon.colcon_core.plugin_system:Skipping extension 'colcon_notification.desktop_notification.terminal_notifier': Not used on non-Darwin systems
[2.678s] INFO:colcon.colcon_core.plugin_system:Skipping extension 'colcon_notification.desktop_notification.win32': Not used on non-Windows systems
[2.678s] INFO:colcon.colcon_notification.desktop_notification:Sending desktop notification using 'notify2'
[2.697s] DEBUG:colcon.colcon_core.event_reactor:joined thread
[2.698s] INFO:colcon.colcon_core.shell:Creating prefix script '/home/qiliang/fastdds_examples/TypicalExample/ros2com/install/local_setup.ps1'
[2.699s] INFO:colcon.colcon_core.shell:Creating prefix util module '/home/qiliang/fastdds_examples/TypicalExample/ros2com/install/_local_setup_util_ps1.py'
[2.700s] INFO:colcon.colcon_core.shell:Creating prefix chain script '/home/qiliang/fastdds_examples/TypicalExample/ros2com/install/setup.ps1'
[2.704s] INFO:colcon.colcon_core.shell:Creating prefix script '/home/qiliang/fastdds_examples/TypicalExample/ros2com/install/local_setup.sh'
[2.705s] INFO:colcon.colcon_core.shell:Creating prefix util module '/home/qiliang/fastdds_examples/TypicalExample/ros2com/install/_local_setup_util_sh.py'
[2.705s] INFO:colcon.colcon_core.shell:Creating prefix chain script '/home/qiliang/fastdds_examples/TypicalExample/ros2com/install/setup.sh'
[2.706s] INFO:colcon.colcon_core.shell:Creating prefix script '/home/qiliang/fastdds_examples/TypicalExample/ros2com/install/local_setup.bash'
[2.707s] INFO:colcon.colcon_core.shell:Creating prefix chain script '/home/qiliang/fastdds_examples/TypicalExample/ros2com/install/setup.bash'
[2.708s] INFO:colcon.colcon_core.shell:Creating prefix script '/home/qiliang/fastdds_examples/TypicalExample/ros2com/install/local_setup.zsh'
[2.708s] INFO:colcon.colcon_core.shell:Creating prefix chain script '/home/qiliang/fastdds_examples/TypicalExample/ros2com/install/setup.zsh'
