[01m[K/home/qiliang/fastdds_examples/TypicalExample/ros2com/build/fastdds_record_typesupport/rosidl_generator_py/fastdds_record_typesupport/_fastdds_record_typesupport_s.ep.rosidl_typesupport_c.c:27:10:[m[K [01;31m[Kfatal error: [m[Kfastdds_record_typesupport/idl/detail/hello_world__type_support.h: æ²¡æœ‰é‚£ä¸ªæ–‡ä»¶æˆ–ç›®å½•
   27 | #include [01;31m[K"fastdds_record_typesupport/idl/detail/hello_world__type_support.h"[m[K
      |          [01;31m[K^~~~~~~~~~~~~~~~~~~~~~~~~~~~~~~~~~~~~~~~~~~~~~~~~~~~~~~~~~~~~~~~~~~[m[K
compilation terminated.
make[2]: *** [CMakeFiles/fastdds_record_typesupport__rosidl_typesupport_c__pyext.dir/build.make:63ï¼šCMakeFiles/fastdds_record_typesupport__rosidl_typesupport_c__pyext.dir/rosidl_generator_py/fastdds_record_typesupport/_fastdds_record_typesupport_s.ep.rosidl_typesupport_c.c.o] é”™è¯¯ 1
make[1]: *** [CMakeFiles/Makefile2:185ï¼šCMakeFiles/fastdds_record_typesupport__rosidl_typesupport_c__pyext.dir/all] é”™è¯¯ 2
make[1]: *** æ­£åœ¨ç­‰å¾…æœªå®Œæˆçš„ä»»åŠ¡....
[01m[K/home/qiliang/fastdds_examples/TypicalExample/ros2com/build/fastdds_record_typesupport/rosidl_generator_py/fastdds_record_typesupport/_fastdds_record_typesupport_s.ep.rosidl_typesupport_fastrtps_c.c:27:10:[m[K [01;31m[Kfatal error: [m[Kfastdds_record_typesupport/idl/detail/hello_world__type_support.h: æ²¡æœ‰é‚£ä¸ªæ–‡ä»¶æˆ–ç›®å½•
   27 | #include [01;31m[K"fastdds_record_typesupport/idl/detail/hello_world__type_support.h"[m[K
      |          [01;31m[K^~~~~~~~~~~~~~~~~~~~~~~~~~~~~~~~~~~~~~~~~~~~~~~~~~~~~~~~~~~~~~~~~~~[m[K
compilation terminated.
make[2]: *** [CMakeFiles/fastdds_record_typesupport__rosidl_typesupport_fastrtps_c__pyext.dir/build.make:63ï¼šCMakeFiles/fastdds_record_typesupport__rosidl_typesupport_fastrtps_c__pyext.dir/rosidl_generator_py/fastdds_record_typesupport/_fastdds_record_typesupport_s.ep.rosidl_typesupport_fastrtps_c.c.o] é”™è¯¯ 1
make[1]: *** [CMakeFiles/Makefile2:127ï¼šCMakeFiles/fastdds_record_typesupport__rosidl_typesupport_fastrtps_c__pyext.dir/all] é”™è¯¯ 2
[01m[K/home/qiliang/fastdds_examples/TypicalExample/ros2com/build/fastdds_record_typesupport/rosidl_generator_py/fastdds_record_typesupport/_fastdds_record_typesupport_s.ep.rosidl_typesupport_introspection_c.c:27:10:[m[K [01;31m[Kfatal error: [m[Kfastdds_record_typesupport/idl/detail/hello_world__type_support.h: æ²¡æœ‰é‚£ä¸ªæ–‡ä»¶æˆ–ç›®å½•
   27 | #include [01;31m[K"fastdds_record_typesupport/idl/detail/hello_world__type_support.h"[m[K
      |          [01;31m[K^~~~~~~~~~~~~~~~~~~~~~~~~~~~~~~~~~~~~~~~~~~~~~~~~~~~~~~~~~~~~~~~~~~[m[K
compilation terminated.
make[2]: *** [CMakeFiles/fastdds_record_typesupport__rosidl_typesupport_introspection_c__pyext.dir/build.make:63ï¼šCMakeFiles/fastdds_record_typesupport__rosidl_typesupport_introspection_c__pyext.dir/rosidl_generator_py/fastdds_record_typesupport/_fastdds_record_typesupport_s.ep.rosidl_typesupport_introspection_c.c.o] é”™è¯¯ 1
make[1]: *** [CMakeFiles/Makefile2:496ï¼šCMakeFiles/fastdds_record_typesupport__rosidl_typesupport_introspection_c__pyext.dir/all] é”™è¯¯ 2
make: *** [Makefile:141ï¼šall] é”™è¯¯ 2
