-- Found ament_cmake: 1.1.5 (/opt/ros/galactic/share/ament_cmake/cmake)
-- Using PYTHON_EXECUTABLE: /usr/bin/python3
-- Found rosidl_default_generators: 1.1.1 (/opt/ros/galactic/share/rosidl_default_generators/cmake)
-- Using all available rosidl_typesupport_c: rosidl_typesupport_fastrtps_c;rosidl_typesupport_introspection_c
-- Found rosidl_adapter: 2.2.1 (/opt/ros/galactic/share/rosidl_adapter/cmake)
-- Using all available rosidl_typesupport_cpp: rosidl_typesupport_fastrtps_cpp;rosidl_typesupport_introspection_cpp
-- Found ament_cmake_ros: 0.9.2 (/opt/ros/galactic/share/ament_cmake_ros/cmake)
-- Using all available rosidl_typesupport_c: rosidl_typesupport_fastrtps_c;rosidl_typesupport_introspection_c
-- Using all available rosidl_typesupport_cpp: rosidl_typesupport_fastrtps_cpp;rosidl_typesupport_introspection_cpp
-- Found PythonInterp: /usr/bin/python3 (found suitable version "3.8.10", minimum required is "3.5") 
-- Found python_cmake_module: 0.8.1 (/opt/ros/galactic/share/python_cmake_module/cmake)
-- Found PythonLibs: /usr/lib/x86_64-linux-gnu/libpython3.8.so (found suitable version "3.8.10", minimum required is "3.5") 
-- Using PYTHON_EXECUTABLE: /usr/bin/python3
-- Using PYTHON_INCLUDE_DIRS: /usr/include/python3.8
-- Using PYTHON_LIBRARIES: /usr/lib/x86_64-linux-gnu/libpython3.8.so
-- Found PythonExtra: .so  
-- Found ament_lint_auto: 0.10.6 (/opt/ros/galactic/share/ament_lint_auto/cmake)
-- Added test 'copyright' to check source files copyright and LICENSE
-- Added test 'lint_cmake' to check CMake code style
-- Added test 'xmllint' to check XML markup files
-- Configuring done
-- Generating done
-- Build files have been written to: /home/qiliang/fastdds_examples/TypicalExample/ros2com/build/fastdds_record_typesupport
[  3%] [34m[1mGenerating C code for ROS interfaces[0m
[35m[1mScanning dependencies of target fastdds_record_typesupport__cpp[0m
[  6%] [34m[1mGenerating C++ code for ROS interfaces[0m
[35m[1mScanning dependencies of target fastdds_record_typesupport__rosidl_generator_c[0m
[  9%] [32mBuilding C object CMakeFiles/fastdds_record_typesupport__rosidl_generator_c.dir/rosidl_generator_c/fastdds_record_typesupport/idl/detail/hello__functions.c.o[0m
[  9%] Built target fastdds_record_typesupport__cpp
[ 12%] [34m[1mGenerating C++ type support for eProsima Fast-RTPS[0m
[ 19%] [34m[1mGenerating C++ introspection for ROS interfaces[0m
[ 19%] [34m[1mGenerating C++ type support dispatch for ROS interfaces[0m
[ 22%] [32m[1mLinking C shared library libfastdds_record_typesupport__rosidl_generator_c.so[0m
[ 22%] Built target fastdds_record_typesupport__rosidl_generator_c
[ 25%] [34m[1mGenerating C type support dispatch for ROS interfaces[0m
[ 29%] [34m[1mGenerating C introspection for ROS interfaces[0m
[35m[1mScanning dependencies of target fastdds_record_typesupport__rosidl_typesupport_cpp[0m
[35m[1mScanning dependencies of target fastdds_record_typesupport__rosidl_typesupport_introspection_cpp[0m
[35m[1mScanning dependencies of target fastdds_record_typesupport__rosidl_typesupport_fastrtps_cpp[0m
[ 32%] [32mBuilding CXX object CMakeFiles/fastdds_record_typesupport__rosidl_typesupport_cpp.dir/rosidl_typesupport_cpp/fastdds_record_typesupport/idl/hello__type_support.cpp.o[0m
[ 35%] [32mBuilding CXX object CMakeFiles/fastdds_record_typesupport__rosidl_typesupport_introspection_cpp.dir/rosidl_typesupport_introspection_cpp/fastdds_record_typesupport/idl/detail/hello__type_support.cpp.o[0m
[ 38%] [32mBuilding CXX object CMakeFiles/fastdds_record_typesupport__rosidl_typesupport_fastrtps_cpp.dir/rosidl_typesupport_fastrtps_cpp/fastdds_record_typesupport/idl/detail/dds_fastrtps/hello__type_support.cpp.o[0m
[35m[1mScanning dependencies of target fastdds_record_typesupport__rosidl_typesupport_c[0m
[35m[1mScanning dependencies of target fastdds_record_typesupport__rosidl_typesupport_introspection_c[0m
[ 41%] [32mBuilding CXX object CMakeFiles/fastdds_record_typesupport__rosidl_typesupport_c.dir/rosidl_typesupport_c/fastdds_record_typesupport/idl/hello__type_support.cpp.o[0m
[ 45%] [32mBuilding C object CMakeFiles/fastdds_record_typesupport__rosidl_typesupport_introspection_c.dir/rosidl_typesupport_introspection_c/fastdds_record_typesupport/idl/detail/hello__type_support.c.o[0m
[ 48%] [32m[1mLinking CXX shared library libfastdds_record_typesupport__rosidl_typesupport_c.so[0m
[ 51%] [32m[1mLinking C shared library libfastdds_record_typesupport__rosidl_typesupport_introspection_c.so[0m
[ 54%] [32m[1mLinking CXX shared library libfastdds_record_typesupport__rosidl_typesupport_cpp.so[0m
[ 58%] [32m[1mLinking CXX shared library libfastdds_record_typesupport__rosidl_typesupport_introspection_cpp.so[0m
[ 58%] Built target fastdds_record_typesupport__rosidl_typesupport_c
[ 58%] Built target fastdds_record_typesupport__rosidl_typesupport_introspection_c
[ 58%] Built target fastdds_record_typesupport__rosidl_typesupport_cpp
[ 58%] Built target fastdds_record_typesupport__rosidl_typesupport_introspection_cpp
[ 61%] [32m[1mLinking CXX shared library libfastdds_record_typesupport__rosidl_typesupport_fastrtps_cpp.so[0m
[ 61%] Built target fastdds_record_typesupport__rosidl_typesupport_fastrtps_cpp
[ 64%] [34m[1mGenerating C type support for eProsima Fast-RTPS[0m
[35m[1mScanning dependencies of target fastdds_record_typesupport__rosidl_typesupport_fastrtps_c[0m
[ 67%] [32mBuilding CXX object CMakeFiles/fastdds_record_typesupport__rosidl_typesupport_fastrtps_c.dir/rosidl_typesupport_fastrtps_c/fastdds_record_typesupport/idl/detail/hello__type_support_c.cpp.o[0m
[ 70%] [32m[1mLinking CXX shared library libfastdds_record_typesupport__rosidl_typesupport_fastrtps_c.so[0m
[ 70%] Built target fastdds_record_typesupport__rosidl_typesupport_fastrtps_c
[35m[1mScanning dependencies of target fastdds_record_typesupport[0m
[ 70%] Built target fastdds_record_typesupport
[35m[1mScanning dependencies of target fastdds_record_typesupport__py[0m
[ 74%] [34m[1mGenerating Python code for ROS interfaces[0m
[ 74%] Built target fastdds_record_typesupport__py
[35m[1mScanning dependencies of target fastdds_record_typesupport__python[0m
[ 77%] [32mBuilding C object CMakeFiles/fastdds_record_typesupport__python.dir/rosidl_generator_py/fastdds_record_typesupport/idl/_hello_s.c.o[0m
[ 80%] [32m[1mLinking C shared library rosidl_generator_py/fastdds_record_typesupport/libfastdds_record_typesupport__python.so[0m
[ 80%] Built target fastdds_record_typesupport__python
[35m[1mScanning dependencies of target fastdds_record_typesupport__rosidl_typesupport_fastrtps_c__pyext[0m
[35m[1mScanning dependencies of target fastdds_record_typesupport__rosidl_typesupport_introspection_c__pyext[0m
[35m[1mScanning dependencies of target fastdds_record_typesupport__rosidl_typesupport_c__pyext[0m
[ 83%] [32mBuilding C object CMakeFiles/fastdds_record_typesupport__rosidl_typesupport_fastrtps_c__pyext.dir/rosidl_generator_py/fastdds_record_typesupport/_fastdds_record_typesupport_s.ep.rosidl_typesupport_fastrtps_c.c.o[0m
[ 87%] [32mBuilding C object CMakeFiles/fastdds_record_typesupport__rosidl_typesupport_c__pyext.dir/rosidl_generator_py/fastdds_record_typesupport/_fastdds_record_typesupport_s.ep.rosidl_typesupport_c.c.o[0m
[ 90%] [32mBuilding C object CMakeFiles/fastdds_record_typesupport__rosidl_typesupport_introspection_c__pyext.dir/rosidl_generator_py/fastdds_record_typesupport/_fastdds_record_typesupport_s.ep.rosidl_typesupport_introspection_c.c.o[0m
[01m[K/home/qiliang/fastdds_examples/TypicalExample/ros2com/build/fastdds_record_typesupport/rosidl_generator_py/fastdds_record_typesupport/_fastdds_record_typesupport_s.ep.rosidl_typesupport_c.c:27:10:[m[K [01;31m[Kfatal error: [m[Kfastdds_record_typesupport/idl/detail/hello_world__type_support.h: 没有那个文件或目录
   27 | #include [01;31m[K"fastdds_record_typesupport/idl/detail/hello_world__type_support.h"[m[K
      |          [01;31m[K^~~~~~~~~~~~~~~~~~~~~~~~~~~~~~~~~~~~~~~~~~~~~~~~~~~~~~~~~~~~~~~~~~~[m[K
compilation terminated.
make[2]: *** [CMakeFiles/fastdds_record_typesupport__rosidl_typesupport_c__pyext.dir/build.make:63：CMakeFiles/fastdds_record_typesupport__rosidl_typesupport_c__pyext.dir/rosidl_generator_py/fastdds_record_typesupport/_fastdds_record_typesupport_s.ep.rosidl_typesupport_c.c.o] 错误 1
make[1]: *** [CMakeFiles/Makefile2:185：CMakeFiles/fastdds_record_typesupport__rosidl_typesupport_c__pyext.dir/all] 错误 2
make[1]: *** 正在等待未完成的任务....
[01m[K/home/qiliang/fastdds_examples/TypicalExample/ros2com/build/fastdds_record_typesupport/rosidl_generator_py/fastdds_record_typesupport/_fastdds_record_typesupport_s.ep.rosidl_typesupport_fastrtps_c.c:27:10:[m[K [01;31m[Kfatal error: [m[Kfastdds_record_typesupport/idl/detail/hello_world__type_support.h: 没有那个文件或目录
   27 | #include [01;31m[K"fastdds_record_typesupport/idl/detail/hello_world__type_support.h"[m[K
      |          [01;31m[K^~~~~~~~~~~~~~~~~~~~~~~~~~~~~~~~~~~~~~~~~~~~~~~~~~~~~~~~~~~~~~~~~~~[m[K
compilation terminated.
make[2]: *** [CMakeFiles/fastdds_record_typesupport__rosidl_typesupport_fastrtps_c__pyext.dir/build.make:63：CMakeFiles/fastdds_record_typesupport__rosidl_typesupport_fastrtps_c__pyext.dir/rosidl_generator_py/fastdds_record_typesupport/_fastdds_record_typesupport_s.ep.rosidl_typesupport_fastrtps_c.c.o] 错误 1
make[1]: *** [CMakeFiles/Makefile2:127：CMakeFiles/fastdds_record_typesupport__rosidl_typesupport_fastrtps_c__pyext.dir/all] 错误 2
[01m[K/home/qiliang/fastdds_examples/TypicalExample/ros2com/build/fastdds_record_typesupport/rosidl_generator_py/fastdds_record_typesupport/_fastdds_record_typesupport_s.ep.rosidl_typesupport_introspection_c.c:27:10:[m[K [01;31m[Kfatal error: [m[Kfastdds_record_typesupport/idl/detail/hello_world__type_support.h: 没有那个文件或目录
   27 | #include [01;31m[K"fastdds_record_typesupport/idl/detail/hello_world__type_support.h"[m[K
      |          [01;31m[K^~~~~~~~~~~~~~~~~~~~~~~~~~~~~~~~~~~~~~~~~~~~~~~~~~~~~~~~~~~~~~~~~~~[m[K
compilation terminated.
make[2]: *** [CMakeFiles/fastdds_record_typesupport__rosidl_typesupport_introspection_c__pyext.dir/build.make:63：CMakeFiles/fastdds_record_typesupport__rosidl_typesupport_introspection_c__pyext.dir/rosidl_generator_py/fastdds_record_typesupport/_fastdds_record_typesupport_s.ep.rosidl_typesupport_introspection_c.c.o] 错误 1
make[1]: *** [CMakeFiles/Makefile2:496：CMakeFiles/fastdds_record_typesupport__rosidl_typesupport_introspection_c__pyext.dir/all] 错误 2
make: *** [Makefile:141：all] 错误 2
