[0.045s] Invoking command in '/home/qiliang/fastdds_examples/TypicalExample/ros2com/build/fastdds_record_typesupport': CMAKE_PREFIX_PATH=/home/qiliang/Fast-DDS/install/fastrtps:/home/qiliang/Fast-DDS/install/foonathan_memory_vendor:/home/qiliang/Fast-DDS/install/fastcdr:/opt/ros/galactic:/opt/ros/noetic /usr/bin/cmake /home/qiliang/fastdds_examples/TypicalExample/ros2com/fastdds_record_typesupport -DCMAKE_INSTALL_PREFIX=/home/qiliang/fastdds_examples/TypicalExample/ros2com/install/fastdds_record_typesupport
[0.074s] -- Found ament_cmake: 1.1.5 (/opt/ros/galactic/share/ament_cmake/cmake)
[0.110s] -- Using PYTHON_EXECUTABLE: /usr/bin/python3
[0.196s] -- Found rosidl_default_generators: 1.1.1 (/opt/ros/galactic/share/rosidl_default_generators/cmake)
[0.199s] -- Using all available rosidl_typesupport_c: rosidl_typesupport_fastrtps_c;rosidl_typesupport_introspection_c
[0.204s] -- Found rosidl_adapter: 2.2.1 (/opt/ros/galactic/share/rosidl_adapter/cmake)
[0.418s] -- Using all available rosidl_typesupport_cpp: rosidl_typesupport_fastrtps_cpp;rosidl_typesupport_introspection_cpp
[0.533s] -- Found ament_cmake_ros: 0.9.2 (/opt/ros/galactic/share/ament_cmake_ros/cmake)
[0.719s] -- Using all available rosidl_typesupport_c: rosidl_typesupport_fastrtps_c;rosidl_typesupport_introspection_c
[0.730s] -- Using all available rosidl_typesupport_cpp: rosidl_typesupport_fastrtps_cpp;rosidl_typesupport_introspection_cpp
[0.769s] -- Found PythonInterp: /usr/bin/python3 (found suitable version "3.8.10", minimum required is "3.5") 
[0.773s] -- Found python_cmake_module: 0.8.1 (/opt/ros/galactic/share/python_cmake_module/cmake)
[0.823s] -- Found PythonLibs: /usr/lib/x86_64-linux-gnu/libpython3.8.so (found suitable version "3.8.10", minimum required is "3.5") 
[0.823s] -- Using PYTHON_EXECUTABLE: /usr/bin/python3
[0.823s] -- Using PYTHON_INCLUDE_DIRS: /usr/include/python3.8
[0.823s] -- Using PYTHON_LIBRARIES: /usr/lib/x86_64-linux-gnu/libpython3.8.so
[0.859s] -- Found PythonExtra: .so  
[1.283s] -- Found ament_lint_auto: 0.10.6 (/opt/ros/galactic/share/ament_lint_auto/cmake)
[1.322s] -- Added test 'copyright' to check source files copyright and LICENSE
[1.329s] -- Added test 'lint_cmake' to check CMake code style
[1.333s] -- Added test 'xmllint' to check XML markup files
[1.346s] -- Configuring done
[1.438s] -- Generating done
[1.442s] -- Build files have been written to: /home/qiliang/fastdds_examples/TypicalExample/ros2com/build/fastdds_record_typesupport
[1.454s] Invoked command in '/home/qiliang/fastdds_examples/TypicalExample/ros2com/build/fastdds_record_typesupport' returned '0': CMAKE_PREFIX_PATH=/home/qiliang/Fast-DDS/install/fastrtps:/home/qiliang/Fast-DDS/install/foonathan_memory_vendor:/home/qiliang/Fast-DDS/install/fastcdr:/opt/ros/galactic:/opt/ros/noetic /usr/bin/cmake /home/qiliang/fastdds_examples/TypicalExample/ros2com/fastdds_record_typesupport -DCMAKE_INSTALL_PREFIX=/home/qiliang/fastdds_examples/TypicalExample/ros2com/install/fastdds_record_typesupport
[1.464s] Invoking command in '/home/qiliang/fastdds_examples/TypicalExample/ros2com/build/fastdds_record_typesupport': CMAKE_PREFIX_PATH=/home/qiliang/Fast-DDS/install/fastrtps:/home/qiliang/Fast-DDS/install/foonathan_memory_vendor:/home/qiliang/Fast-DDS/install/fastcdr:/opt/ros/galactic:/opt/ros/noetic /usr/bin/cmake --build /home/qiliang/fastdds_examples/TypicalExample/ros2com/build/fastdds_record_typesupport -- -j8 -l8
[1.600s] [  3%] [34m[1mGenerating C code for ROS interfaces[0m
[1.601s] [35m[1mScanning dependencies of target fastdds_record_typesupport__cpp[0m
[1.641s] [  6%] [34m[1mGenerating C++ code for ROS interfaces[0m
[1.850s] [35m[1mScanning dependencies of target fastdds_record_typesupport__rosidl_generator_c[0m
[1.905s] [  9%] [32mBuilding C object CMakeFiles/fastdds_record_typesupport__rosidl_generator_c.dir/rosidl_generator_c/fastdds_record_typesupport/idl/detail/hello__functions.c.o[0m
[1.911s] [  9%] Built target fastdds_record_typesupport__cpp
[1.949s] [ 12%] [34m[1mGenerating C++ type support for eProsima Fast-RTPS[0m
[1.950s] [ 19%] [34m[1mGenerating C++ introspection for ROS interfaces[0m
[1.951s] [ 19%] [34m[1mGenerating C++ type support dispatch for ROS interfaces[0m
[2.008s] [ 22%] [32m[1mLinking C shared library libfastdds_record_typesupport__rosidl_generator_c.so[0m
[2.136s] [ 22%] Built target fastdds_record_typesupport__rosidl_generator_c
[2.178s] [ 25%] [34m[1mGenerating C type support dispatch for ROS interfaces[0m
[2.181s] [ 29%] [34m[1mGenerating C introspection for ROS interfaces[0m
[2.182s] [35m[1mScanning dependencies of target fastdds_record_typesupport__rosidl_typesupport_cpp[0m
[2.200s] [35m[1mScanning dependencies of target fastdds_record_typesupport__rosidl_typesupport_introspection_cpp[0m
[2.242s] [35m[1mScanning dependencies of target fastdds_record_typesupport__rosidl_typesupport_fastrtps_cpp[0m
[2.250s] [ 32%] [32mBuilding CXX object CMakeFiles/fastdds_record_typesupport__rosidl_typesupport_cpp.dir/rosidl_typesupport_cpp/fastdds_record_typesupport/idl/hello__type_support.cpp.o[0m
[2.264s] [ 35%] [32mBuilding CXX object CMakeFiles/fastdds_record_typesupport__rosidl_typesupport_introspection_cpp.dir/rosidl_typesupport_introspection_cpp/fastdds_record_typesupport/idl/detail/hello__type_support.cpp.o[0m
[2.312s] [ 38%] [32mBuilding CXX object CMakeFiles/fastdds_record_typesupport__rosidl_typesupport_fastrtps_cpp.dir/rosidl_typesupport_fastrtps_cpp/fastdds_record_typesupport/idl/detail/dds_fastrtps/hello__type_support.cpp.o[0m
[2.467s] [35m[1mScanning dependencies of target fastdds_record_typesupport__rosidl_typesupport_c[0m
[2.529s] [35m[1mScanning dependencies of target fastdds_record_typesupport__rosidl_typesupport_introspection_c[0m
[2.530s] [ 41%] [32mBuilding CXX object CMakeFiles/fastdds_record_typesupport__rosidl_typesupport_c.dir/rosidl_typesupport_c/fastdds_record_typesupport/idl/hello__type_support.cpp.o[0m
[2.600s] [ 45%] [32mBuilding C object CMakeFiles/fastdds_record_typesupport__rosidl_typesupport_introspection_c.dir/rosidl_typesupport_introspection_c/fastdds_record_typesupport/idl/detail/hello__type_support.c.o[0m
[2.638s] [ 48%] [32m[1mLinking CXX shared library libfastdds_record_typesupport__rosidl_typesupport_c.so[0m
[2.707s] [ 51%] [32m[1mLinking C shared library libfastdds_record_typesupport__rosidl_typesupport_introspection_c.so[0m
[2.713s] [ 54%] [32m[1mLinking CXX shared library libfastdds_record_typesupport__rosidl_typesupport_cpp.so[0m
[2.757s] [ 58%] [32m[1mLinking CXX shared library libfastdds_record_typesupport__rosidl_typesupport_introspection_cpp.so[0m
[2.795s] [ 58%] Built target fastdds_record_typesupport__rosidl_typesupport_c
[2.842s] [ 58%] Built target fastdds_record_typesupport__rosidl_typesupport_introspection_c
[2.882s] [ 58%] Built target fastdds_record_typesupport__rosidl_typesupport_cpp
[2.947s] [ 58%] Built target fastdds_record_typesupport__rosidl_typesupport_introspection_cpp
[3.030s] [ 61%] [32m[1mLinking CXX shared library libfastdds_record_typesupport__rosidl_typesupport_fastrtps_cpp.so[0m
[3.284s] [ 61%] Built target fastdds_record_typesupport__rosidl_typesupport_fastrtps_cpp
[3.321s] [ 64%] [34m[1mGenerating C type support for eProsima Fast-RTPS[0m
[3.558s] [35m[1mScanning dependencies of target fastdds_record_typesupport__rosidl_typesupport_fastrtps_c[0m
[3.619s] [ 67%] [32mBuilding CXX object CMakeFiles/fastdds_record_typesupport__rosidl_typesupport_fastrtps_c.dir/rosidl_typesupport_fastrtps_c/fastdds_record_typesupport/idl/detail/hello__type_support_c.cpp.o[0m
[4.116s] [ 70%] [32m[1mLinking CXX shared library libfastdds_record_typesupport__rosidl_typesupport_fastrtps_c.so[0m
[4.370s] [ 70%] Built target fastdds_record_typesupport__rosidl_typesupport_fastrtps_c
[4.407s] [35m[1mScanning dependencies of target fastdds_record_typesupport[0m
[4.446s] [ 70%] Built target fastdds_record_typesupport
[4.485s] [35m[1mScanning dependencies of target fastdds_record_typesupport__py[0m
[4.524s] [ 74%] [34m[1mGenerating Python code for ROS interfaces[0m
[4.930s] [ 74%] Built target fastdds_record_typesupport__py
[4.968s] [35m[1mScanning dependencies of target fastdds_record_typesupport__python[0m
[5.052s] [ 77%] [32mBuilding C object CMakeFiles/fastdds_record_typesupport__python.dir/rosidl_generator_py/fastdds_record_typesupport/idl/_hello_s.c.o[0m
[5.234s] [ 80%] [32m[1mLinking C shared library rosidl_generator_py/fastdds_record_typesupport/libfastdds_record_typesupport__python.so[0m
[5.359s] [ 80%] Built target fastdds_record_typesupport__python
[5.399s] [35m[1mScanning dependencies of target fastdds_record_typesupport__rosidl_typesupport_fastrtps_c__pyext[0m
[5.400s] [35m[1mScanning dependencies of target fastdds_record_typesupport__rosidl_typesupport_introspection_c__pyext[0m
[5.407s] [35m[1mScanning dependencies of target fastdds_record_typesupport__rosidl_typesupport_c__pyext[0m
[5.472s] [ 83%] [32mBuilding C object CMakeFiles/fastdds_record_typesupport__rosidl_typesupport_fastrtps_c__pyext.dir/rosidl_generator_py/fastdds_record_typesupport/_fastdds_record_typesupport_s.ep.rosidl_typesupport_fastrtps_c.c.o[0m
[5.478s] [ 87%] [32mBuilding C object CMakeFiles/fastdds_record_typesupport__rosidl_typesupport_c__pyext.dir/rosidl_generator_py/fastdds_record_typesupport/_fastdds_record_typesupport_s.ep.rosidl_typesupport_c.c.o[0m
[5.507s] [ 90%] [32mBuilding C object CMakeFiles/fastdds_record_typesupport__rosidl_typesupport_introspection_c__pyext.dir/rosidl_generator_py/fastdds_record_typesupport/_fastdds_record_typesupport_s.ep.rosidl_typesupport_introspection_c.c.o[0m
[5.600s] [01m[K/home/qiliang/fastdds_examples/TypicalExample/ros2com/build/fastdds_record_typesupport/rosidl_generator_py/fastdds_record_typesupport/_fastdds_record_typesupport_s.ep.rosidl_typesupport_c.c:27:10:[m[K [01;31m[Kfatal error: [m[Kfastdds_record_typesupport/idl/detail/hello_world__type_support.h: 没有那个文件或目录
[5.600s]    27 | #include [01;31m[K"fastdds_record_typesupport/idl/detail/hello_world__type_support.h"[m[K
[5.600s]       |          [01;31m[K^~~~~~~~~~~~~~~~~~~~~~~~~~~~~~~~~~~~~~~~~~~~~~~~~~~~~~~~~~~~~~~~~~~[m[K
[5.600s] compilation terminated.
[5.602s] make[2]: *** [CMakeFiles/fastdds_record_typesupport__rosidl_typesupport_c__pyext.dir/build.make:63：CMakeFiles/fastdds_record_typesupport__rosidl_typesupport_c__pyext.dir/rosidl_generator_py/fastdds_record_typesupport/_fastdds_record_typesupport_s.ep.rosidl_typesupport_c.c.o] 错误 1
[5.603s] make[1]: *** [CMakeFiles/Makefile2:185：CMakeFiles/fastdds_record_typesupport__rosidl_typesupport_c__pyext.dir/all] 错误 2
[5.603s] make[1]: *** 正在等待未完成的任务....
[5.628s] [01m[K/home/qiliang/fastdds_examples/TypicalExample/ros2com/build/fastdds_record_typesupport/rosidl_generator_py/fastdds_record_typesupport/_fastdds_record_typesupport_s.ep.rosidl_typesupport_fastrtps_c.c:27:10:[m[K [01;31m[Kfatal error: [m[Kfastdds_record_typesupport/idl/detail/hello_world__type_support.h: 没有那个文件或目录
[5.628s]    27 | #include [01;31m[K"fastdds_record_typesupport/idl/detail/hello_world__type_support.h"[m[K
[5.629s]       |          [01;31m[K^~~~~~~~~~~~~~~~~~~~~~~~~~~~~~~~~~~~~~~~~~~~~~~~~~~~~~~~~~~~~~~~~~~[m[K
[5.629s] compilation terminated.
[5.631s] make[2]: *** [CMakeFiles/fastdds_record_typesupport__rosidl_typesupport_fastrtps_c__pyext.dir/build.make:63：CMakeFiles/fastdds_record_typesupport__rosidl_typesupport_fastrtps_c__pyext.dir/rosidl_generator_py/fastdds_record_typesupport/_fastdds_record_typesupport_s.ep.rosidl_typesupport_fastrtps_c.c.o] 错误 1
[5.631s] make[1]: *** [CMakeFiles/Makefile2:127：CMakeFiles/fastdds_record_typesupport__rosidl_typesupport_fastrtps_c__pyext.dir/all] 错误 2
[5.635s] [01m[K/home/qiliang/fastdds_examples/TypicalExample/ros2com/build/fastdds_record_typesupport/rosidl_generator_py/fastdds_record_typesupport/_fastdds_record_typesupport_s.ep.rosidl_typesupport_introspection_c.c:27:10:[m[K [01;31m[Kfatal error: [m[Kfastdds_record_typesupport/idl/detail/hello_world__type_support.h: 没有那个文件或目录
[5.635s]    27 | #include [01;31m[K"fastdds_record_typesupport/idl/detail/hello_world__type_support.h"[m[K
[5.635s]       |          [01;31m[K^~~~~~~~~~~~~~~~~~~~~~~~~~~~~~~~~~~~~~~~~~~~~~~~~~~~~~~~~~~~~~~~~~~[m[K
[5.636s] compilation terminated.
[5.638s] make[2]: *** [CMakeFiles/fastdds_record_typesupport__rosidl_typesupport_introspection_c__pyext.dir/build.make:63：CMakeFiles/fastdds_record_typesupport__rosidl_typesupport_introspection_c__pyext.dir/rosidl_generator_py/fastdds_record_typesupport/_fastdds_record_typesupport_s.ep.rosidl_typesupport_introspection_c.c.o] 错误 1
[5.638s] make[1]: *** [CMakeFiles/Makefile2:496：CMakeFiles/fastdds_record_typesupport__rosidl_typesupport_introspection_c__pyext.dir/all] 错误 2
[5.638s] make: *** [Makefile:141：all] 错误 2
[5.651s] Invoked command in '/home/qiliang/fastdds_examples/TypicalExample/ros2com/build/fastdds_record_typesupport' returned '2': CMAKE_PREFIX_PATH=/home/qiliang/Fast-DDS/install/fastrtps:/home/qiliang/Fast-DDS/install/foonathan_memory_vendor:/home/qiliang/Fast-DDS/install/fastcdr:/opt/ros/galactic:/opt/ros/noetic /usr/bin/cmake --build /home/qiliang/fastdds_examples/TypicalExample/ros2com/build/fastdds_record_typesupport -- -j8 -l8
