[0.029s] Invoking command in '/home/qiliang/fastdds_examples/TypicalExample/ros2com/build/fastdds_record_typesupport': CMAKE_PREFIX_PATH=/home/qiliang/Fast-DDS/install/fastrtps:/home/qiliang/Fast-DDS/install/foonathan_memory_vendor:/home/qiliang/Fast-DDS/install/fastcdr:/opt/ros/galactic:/opt/ros/noetic /usr/bin/cmake /home/qiliang/fastdds_examples/TypicalExample/ros2com/fastdds_record_typesupport -DCMAKE_INSTALL_PREFIX=/home/qiliang/fastdds_examples/TypicalExample/ros2com/install/fastdds_record_typesupport
[0.187s] -- The C compiler identification is GNU 9.4.0
[0.329s] -- The CXX compiler identification is GNU 9.4.0
[0.337s] -- Check for working C compiler: /usr/bin/cc
[0.573s] -- Check for working C compiler: /usr/bin/cc -- works
[0.573s] -- Detecting C compiler ABI info
[0.804s] -- Detecting C compiler ABI info - done
[0.813s] -- Detecting C compile features
[0.813s] -- Detecting C compile features - done
[0.817s] -- Check for working CXX compiler: /usr/bin/c++
[1.053s] -- Check for working CXX compiler: /usr/bin/c++ -- works
[1.054s] -- Detecting CXX compiler ABI info
[1.302s] -- Detecting CXX compiler ABI info - done
[1.312s] -- Detecting CXX compile features
[1.312s] -- Detecting CXX compile features - done
[1.318s] -- Found ament_cmake: 1.1.5 (/opt/ros/galactic/share/ament_cmake/cmake)
[1.358s] -- Found PythonInterp: /usr/bin/python3 (found suitable version "3.8.10", minimum required is "3") 
[1.359s] -- Using PYTHON_EXECUTABLE: /usr/bin/python3
[1.484s] -- Found rosidl_default_generators: 1.1.1 (/opt/ros/galactic/share/rosidl_default_generators/cmake)
[1.493s] -- Using all available rosidl_typesupport_c: rosidl_typesupport_fastrtps_c;rosidl_typesupport_introspection_c
[1.506s] -- Found rosidl_adapter: 2.2.1 (/opt/ros/galactic/share/rosidl_adapter/cmake)
[1.817s] -- Found OpenSSL: /usr/lib/x86_64-linux-gnu/libcrypto.so (found version "1.1.1f")  
[1.859s] -- Found FastRTPS: /home/qiliang/Fast-DDS/install/fastrtps/include  
[1.978s] -- Using all available rosidl_typesupport_cpp: rosidl_typesupport_fastrtps_cpp;rosidl_typesupport_introspection_cpp
[2.095s] CMake Error at /opt/ros/galactic/share/rosidl_cmake/cmake/rosidl_generate_interfaces.cmake:229 (message):
[2.095s]   Packages installing interfaces must include
[2.095s]   '<member_of_group>rosidl_interface_packages</member_of_group>' in their
[2.095s]   package.xml
[2.095s] Call Stack (most recent call first):
[2.095s]   CMakeLists.txt:19 (rosidl_generate_interfaces)
[2.095s] 
[2.095s] 
[2.101s] -- Configuring incomplete, errors occurred!
[2.101s] See also "/home/qiliang/fastdds_examples/TypicalExample/ros2com/build/fastdds_record_typesupport/CMakeFiles/CMakeOutput.log".
[2.116s] Invoked command in '/home/qiliang/fastdds_examples/TypicalExample/ros2com/build/fastdds_record_typesupport' returned '1': CMAKE_PREFIX_PATH=/home/qiliang/Fast-DDS/install/fastrtps:/home/qiliang/Fast-DDS/install/foonathan_memory_vendor:/home/qiliang/Fast-DDS/install/fastcdr:/opt/ros/galactic:/opt/ros/noetic /usr/bin/cmake /home/qiliang/fastdds_examples/TypicalExample/ros2com/fastdds_record_typesupport -DCMAKE_INSTALL_PREFIX=/home/qiliang/fastdds_examples/TypicalExample/ros2com/install/fastdds_record_typesupport
