-- Found ament_cmake: 1.1.5 (/opt/ros/galactic/share/ament_cmake/cmake)
-- Found PythonInterp: /usr/bin/python3 (found suitable version "3.8.10", minimum required is "3") 
-- Using PYTHON_EXECUTABLE: /usr/bin/python3
-- Found rosidl_default_generators: 1.1.1 (/opt/ros/galactic/share/rosidl_default_generators/cmake)
-- Using all available rosidl_typesupport_c: rosidl_typesupport_fastrtps_c;rosidl_typesupport_introspection_c
-- Found rosidl_adapter: 2.2.1 (/opt/ros/galactic/share/rosidl_adapter/cmake)
-- Using all available rosidl_typesupport_cpp: rosidl_typesupport_fastrtps_cpp;rosidl_typesupport_introspection_cpp
-- Found ament_cmake_ros: 0.9.2 (/opt/ros/galactic/share/ament_cmake_ros/cmake)
-- Using all available rosidl_typesupport_c: rosidl_typesupport_fastrtps_c;rosidl_typesupport_introspection_c
-- Using all available rosidl_typesupport_cpp: rosidl_typesupport_fastrtps_cpp;rosidl_typesupport_introspection_cpp
-- Found PythonInterp: /usr/bin/python3 (found suitable version "3.8.10", minimum required is "3.5") 
-- Found python_cmake_module: 0.8.1 (/opt/ros/galactic/share/python_cmake_module/cmake)
-- Using PYTHON_EXECUTABLE: /usr/bin/python3
-- Using PYTHON_INCLUDE_DIRS: /usr/include/python3.8
-- Using PYTHON_LIBRARIES: /usr/lib/x86_64-linux-gnu/libpython3.8.so
-- Found ament_lint_auto: 0.10.6 (/opt/ros/galactic/share/ament_lint_auto/cmake)
-- Added test 'copyright' to check source files copyright and LICENSE
-- Added test 'lint_cmake' to check CMake code style
-- Added test 'xmllint' to check XML markup files
-- Configuring done
-- Generating done
-- Build files have been written to: /home/qiliang/fastdds_examples/TypicalExample/ros2com/build/fastdds_record_typesupport
[35m[1mScanning dependencies of target fastdds_record_typesupport__cpp[0m
[  3%] [34m[1mGenerating C code for ROS interfaces[0m
[  6%] [34m[1mGenerating C++ code for ROS interfaces[0m
[35m[1mScanning dependencies of target fastdds_record_typesupport__rosidl_generator_c[0m
[  6%] Built target fastdds_record_typesupport__cpp
[  9%] [32mBuilding C object CMakeFiles/fastdds_record_typesupport__rosidl_generator_c.dir/rosidl_generator_c/fastdds_record_typesupport/idl/detail/hello_world__functions.c.o[0m
[ 16%] [34m[1mGenerating C++ introspection for ROS interfaces[0m
[ 16%] [34m[1mGenerating C++ type support for eProsima Fast-RTPS[0m
[ 19%] [34m[1mGenerating C++ type support dispatch for ROS interfaces[0m
[ 22%] [32m[1mLinking C shared library libfastdds_record_typesupport__rosidl_generator_c.so[0m
[ 22%] Built target fastdds_record_typesupport__rosidl_generator_c
[35m[1mScanning dependencies of target fastdds_record_typesupport__rosidl_typesupport_cpp[0m
[35m[1mScanning dependencies of target fastdds_record_typesupport__rosidl_typesupport_fastrtps_cpp[0m
[ 25%] [34m[1mGenerating C type support dispatch for ROS interfaces[0m
[35m[1mScanning dependencies of target fastdds_record_typesupport__rosidl_typesupport_introspection_cpp[0m
[ 29%] [34m[1mGenerating C introspection for ROS interfaces[0m
[ 32%] [32mBuilding CXX object CMakeFiles/fastdds_record_typesupport__rosidl_typesupport_fastrtps_cpp.dir/rosidl_typesupport_fastrtps_cpp/fastdds_record_typesupport/idl/detail/dds_fastrtps/hello_world__type_support.cpp.o[0m
[ 35%] [32mBuilding CXX object CMakeFiles/fastdds_record_typesupport__rosidl_typesupport_cpp.dir/rosidl_typesupport_cpp/fastdds_record_typesupport/idl/hello_world__type_support.cpp.o[0m
[ 38%] [32mBuilding CXX object CMakeFiles/fastdds_record_typesupport__rosidl_typesupport_introspection_cpp.dir/rosidl_typesupport_introspection_cpp/fastdds_record_typesupport/idl/detail/hello_world__type_support.cpp.o[0m
[35m[1mScanning dependencies of target fastdds_record_typesupport__rosidl_typesupport_c[0m
[35m[1mScanning dependencies of target fastdds_record_typesupport__rosidl_typesupport_introspection_c[0m
[ 41%] [32mBuilding CXX object CMakeFiles/fastdds_record_typesupport__rosidl_typesupport_c.dir/rosidl_typesupport_c/fastdds_record_typesupport/idl/hello_world__type_support.cpp.o[0m
[ 45%] [32mBuilding C object CMakeFiles/fastdds_record_typesupport__rosidl_typesupport_introspection_c.dir/rosidl_typesupport_introspection_c/fastdds_record_typesupport/idl/detail/hello_world__type_support.c.o[0m
[ 48%] [32m[1mLinking CXX shared library libfastdds_record_typesupport__rosidl_typesupport_c.so[0m
[ 51%] [32m[1mLinking C shared library libfastdds_record_typesupport__rosidl_typesupport_introspection_c.so[0m
[ 54%] [32m[1mLinking CXX shared library libfastdds_record_typesupport__rosidl_typesupport_cpp.so[0m
[ 58%] [32m[1mLinking CXX shared library libfastdds_record_typesupport__rosidl_typesupport_introspection_cpp.so[0m
[ 58%] Built target fastdds_record_typesupport__rosidl_typesupport_c
[ 58%] Built target fastdds_record_typesupport__rosidl_typesupport_introspection_c
[ 58%] Built target fastdds_record_typesupport__rosidl_typesupport_cpp
[ 58%] Built target fastdds_record_typesupport__rosidl_typesupport_introspection_cpp
[ 61%] [32m[1mLinking CXX shared library libfastdds_record_typesupport__rosidl_typesupport_fastrtps_cpp.so[0m
[ 61%] Built target fastdds_record_typesupport__rosidl_typesupport_fastrtps_cpp
[ 64%] [34m[1mGenerating C type support for eProsima Fast-RTPS[0m
[35m[1mScanning dependencies of target fastdds_record_typesupport__rosidl_typesupport_fastrtps_c[0m
[ 67%] [32mBuilding CXX object CMakeFiles/fastdds_record_typesupport__rosidl_typesupport_fastrtps_c.dir/rosidl_typesupport_fastrtps_c/fastdds_record_typesupport/idl/detail/hello_world__type_support_c.cpp.o[0m
[ 70%] [32m[1mLinking CXX shared library libfastdds_record_typesupport__rosidl_typesupport_fastrtps_c.so[0m
[ 70%] Built target fastdds_record_typesupport__rosidl_typesupport_fastrtps_c
[ 70%] Built target fastdds_record_typesupport
[35m[1mScanning dependencies of target fastdds_record_typesupport__py[0m
[ 74%] [34m[1mGenerating Python code for ROS interfaces[0m
[ 74%] Built target fastdds_record_typesupport__py
[35m[1mScanning dependencies of target fastdds_record_typesupport__python[0m
[ 77%] [32mBuilding C object CMakeFiles/fastdds_record_typesupport__python.dir/rosidl_generator_py/fastdds_record_typesupport/idl/_hello_world_s.c.o[0m
[ 80%] [32m[1mLinking C shared library rosidl_generator_py/fastdds_record_typesupport/libfastdds_record_typesupport__python.so[0m
[ 80%] Built target fastdds_record_typesupport__python
[35m[1mScanning dependencies of target fastdds_record_typesupport__rosidl_typesupport_c__pyext[0m
[35m[1mScanning dependencies of target fastdds_record_typesupport__rosidl_typesupport_fastrtps_c__pyext[0m
[35m[1mScanning dependencies of target fastdds_record_typesupport__rosidl_typesupport_introspection_c__pyext[0m
[ 83%] [32mBuilding C object CMakeFiles/fastdds_record_typesupport__rosidl_typesupport_c__pyext.dir/rosidl_generator_py/fastdds_record_typesupport/_fastdds_record_typesupport_s.ep.rosidl_typesupport_c.c.o[0m
[ 87%] [32mBuilding C object CMakeFiles/fastdds_record_typesupport__rosidl_typesupport_introspection_c__pyext.dir/rosidl_generator_py/fastdds_record_typesupport/_fastdds_record_typesupport_s.ep.rosidl_typesupport_introspection_c.c.o[0m
[ 90%] [32mBuilding C object CMakeFiles/fastdds_record_typesupport__rosidl_typesupport_fastrtps_c__pyext.dir/rosidl_generator_py/fastdds_record_typesupport/_fastdds_record_typesupport_s.ep.rosidl_typesupport_fastrtps_c.c.o[0m
[ 93%] [32m[1mLinking C shared library rosidl_generator_py/fastdds_record_typesupport/fastdds_record_typesupport_s__rosidl_typesupport_c.cpython-38-x86_64-linux-gnu.so[0m
[ 96%] [32m[1mLinking C shared library rosidl_generator_py/fastdds_record_typesupport/fastdds_record_typesupport_s__rosidl_typesupport_introspection_c.cpython-38-x86_64-linux-gnu.so[0m
[100%] [32m[1mLinking CXX shared library rosidl_generator_py/fastdds_record_typesupport/fastdds_record_typesupport_s__rosidl_typesupport_fastrtps_c.cpython-38-x86_64-linux-gnu.so[0m
[100%] Built target fastdds_record_typesupport__rosidl_typesupport_c__pyext
[100%] Built target fastdds_record_typesupport__rosidl_typesupport_introspection_c__pyext
[100%] Built target fastdds_record_typesupport__rosidl_typesupport_fastrtps_c__pyext
-- Install configuration: ""
-- Installing: /home/qiliang/fastdds_examples/TypicalExample/ros2com/install/fastdds_record_typesupport/share/ament_index/resource_index/rosidl_interfaces/fastdds_record_typesupport
-- Installing: /home/qiliang/fastdds_examples/TypicalExample/ros2com/install/fastdds_record_typesupport/include/fastdds_record_typesupport
-- Installing: /home/qiliang/fastdds_examples/TypicalExample/ros2com/install/fastdds_record_typesupport/include/fastdds_record_typesupport/msg
-- Installing: /home/qiliang/fastdds_examples/TypicalExample/ros2com/install/fastdds_record_typesupport/include/fastdds_record_typesupport/msg/rosidl_generator_c__visibility_control.h
-- Installing: /home/qiliang/fastdds_examples/TypicalExample/ros2com/install/fastdds_record_typesupport/include/fastdds_record_typesupport/idl
-- Installing: /home/qiliang/fastdds_examples/TypicalExample/ros2com/install/fastdds_record_typesupport/include/fastdds_record_typesupport/idl/hello.h
-- Installing: /home/qiliang/fastdds_examples/TypicalExample/ros2com/install/fastdds_record_typesupport/include/fastdds_record_typesupport/idl/detail
-- Installing: /home/qiliang/fastdds_examples/TypicalExample/ros2com/install/fastdds_record_typesupport/include/fastdds_record_typesupport/idl/detail/hello_world__functions.c
-- Installing: /home/qiliang/fastdds_examples/TypicalExample/ros2com/install/fastdds_record_typesupport/include/fastdds_record_typesupport/idl/detail/hello_world__type_support.h
-- Installing: /home/qiliang/fastdds_examples/TypicalExample/ros2com/install/fastdds_record_typesupport/include/fastdds_record_typesupport/idl/detail/hello__functions.h
-- Installing: /home/qiliang/fastdds_examples/TypicalExample/ros2com/install/fastdds_record_typesupport/include/fastdds_record_typesupport/idl/detail/hello_world__struct.h
-- Installing: /home/qiliang/fastdds_examples/TypicalExample/ros2com/install/fastdds_record_typesupport/include/fastdds_record_typesupport/idl/detail/hello__type_support.h
-- Installing: /home/qiliang/fastdds_examples/TypicalExample/ros2com/install/fastdds_record_typesupport/include/fastdds_record_typesupport/idl/detail/hello__struct.h
-- Installing: /home/qiliang/fastdds_examples/TypicalExample/ros2com/install/fastdds_record_typesupport/include/fastdds_record_typesupport/idl/detail/hello__functions.c
-- Installing: /home/qiliang/fastdds_examples/TypicalExample/ros2com/install/fastdds_record_typesupport/include/fastdds_record_typesupport/idl/detail/hello_world__functions.h
-- Installing: /home/qiliang/fastdds_examples/TypicalExample/ros2com/install/fastdds_record_typesupport/include/fastdds_record_typesupport/idl/hello_world.h
-- Installing: /home/qiliang/fastdds_examples/TypicalExample/ros2com/install/fastdds_record_typesupport/share/fastdds_record_typesupport/environment/library_path.sh
-- Installing: /home/qiliang/fastdds_examples/TypicalExample/ros2com/install/fastdds_record_typesupport/share/fastdds_record_typesupport/environment/library_path.dsv
-- Installing: /home/qiliang/fastdds_examples/TypicalExample/ros2com/install/fastdds_record_typesupport/lib/libfastdds_record_typesupport__rosidl_generator_c.so
-- Set runtime path of "/home/qiliang/fastdds_examples/TypicalExample/ros2com/install/fastdds_record_typesupport/lib/libfastdds_record_typesupport__rosidl_generator_c.so" to ""
-- Up-to-date: /home/qiliang/fastdds_examples/TypicalExample/ros2com/install/fastdds_record_typesupport/include/fastdds_record_typesupport
-- Up-to-date: /home/qiliang/fastdds_examples/TypicalExample/ros2com/install/fastdds_record_typesupport/include/fastdds_record_typesupport/msg
-- Installing: /home/qiliang/fastdds_examples/TypicalExample/ros2com/install/fastdds_record_typesupport/include/fastdds_record_typesupport/msg/rosidl_typesupport_fastrtps_c__visibility_control.h
-- Up-to-date: /home/qiliang/fastdds_examples/TypicalExample/ros2com/install/fastdds_record_typesupport/include/fastdds_record_typesupport/idl
-- Up-to-date: /home/qiliang/fastdds_examples/TypicalExample/ros2com/install/fastdds_record_typesupport/include/fastdds_record_typesupport/idl/detail
-- Installing: /home/qiliang/fastdds_examples/TypicalExample/ros2com/install/fastdds_record_typesupport/include/fastdds_record_typesupport/idl/detail/hello__rosidl_typesupport_fastrtps_c.h
-- Installing: /home/qiliang/fastdds_examples/TypicalExample/ros2com/install/fastdds_record_typesupport/include/fastdds_record_typesupport/idl/detail/hello_world__rosidl_typesupport_fastrtps_c.h
-- Installing: /home/qiliang/fastdds_examples/TypicalExample/ros2com/install/fastdds_record_typesupport/lib/libfastdds_record_typesupport__rosidl_typesupport_fastrtps_c.so
-- Set runtime path of "/home/qiliang/fastdds_examples/TypicalExample/ros2com/install/fastdds_record_typesupport/lib/libfastdds_record_typesupport__rosidl_typesupport_fastrtps_c.so" to ""
-- Up-to-date: /home/qiliang/fastdds_examples/TypicalExample/ros2com/install/fastdds_record_typesupport/include/fastdds_record_typesupport
-- Up-to-date: /home/qiliang/fastdds_examples/TypicalExample/ros2com/install/fastdds_record_typesupport/include/fastdds_record_typesupport/msg
-- Installing: /home/qiliang/fastdds_examples/TypicalExample/ros2com/install/fastdds_record_typesupport/include/fastdds_record_typesupport/msg/rosidl_typesupport_fastrtps_cpp__visibility_control.h
-- Up-to-date: /home/qiliang/fastdds_examples/TypicalExample/ros2com/install/fastdds_record_typesupport/include/fastdds_record_typesupport/idl
-- Up-to-date: /home/qiliang/fastdds_examples/TypicalExample/ros2com/install/fastdds_record_typesupport/include/fastdds_record_typesupport/idl/detail
-- Installing: /home/qiliang/fastdds_examples/TypicalExample/ros2com/install/fastdds_record_typesupport/include/fastdds_record_typesupport/idl/detail/dds_fastrtps
-- Installing: /home/qiliang/fastdds_examples/TypicalExample/ros2com/install/fastdds_record_typesupport/include/fastdds_record_typesupport/idl/detail/hello_world__rosidl_typesupport_fastrtps_cpp.hpp
-- Installing: /home/qiliang/fastdds_examples/TypicalExample/ros2com/install/fastdds_record_typesupport/include/fastdds_record_typesupport/idl/detail/hello__rosidl_typesupport_fastrtps_cpp.hpp
-- Installing: /home/qiliang/fastdds_examples/TypicalExample/ros2com/install/fastdds_record_typesupport/lib/libfastdds_record_typesupport__rosidl_typesupport_fastrtps_cpp.so
-- Set runtime path of "/home/qiliang/fastdds_examples/TypicalExample/ros2com/install/fastdds_record_typesupport/lib/libfastdds_record_typesupport__rosidl_typesupport_fastrtps_cpp.so" to ""
-- Up-to-date: /home/qiliang/fastdds_examples/TypicalExample/ros2com/install/fastdds_record_typesupport/include/fastdds_record_typesupport
-- Up-to-date: /home/qiliang/fastdds_examples/TypicalExample/ros2com/install/fastdds_record_typesupport/include/fastdds_record_typesupport/msg
-- Installing: /home/qiliang/fastdds_examples/TypicalExample/ros2com/install/fastdds_record_typesupport/include/fastdds_record_typesupport/msg/rosidl_typesupport_introspection_c__visibility_control.h
-- Up-to-date: /home/qiliang/fastdds_examples/TypicalExample/ros2com/install/fastdds_record_typesupport/include/fastdds_record_typesupport/idl
-- Up-to-date: /home/qiliang/fastdds_examples/TypicalExample/ros2com/install/fastdds_record_typesupport/include/fastdds_record_typesupport/idl/detail
-- Installing: /home/qiliang/fastdds_examples/TypicalExample/ros2com/install/fastdds_record_typesupport/include/fastdds_record_typesupport/idl/detail/hello_world__rosidl_typesupport_introspection_c.h
-- Installing: /home/qiliang/fastdds_examples/TypicalExample/ros2com/install/fastdds_record_typesupport/include/fastdds_record_typesupport/idl/detail/hello_world__type_support.c
-- Installing: /home/qiliang/fastdds_examples/TypicalExample/ros2com/install/fastdds_record_typesupport/include/fastdds_record_typesupport/idl/detail/hello__type_support.c
-- Installing: /home/qiliang/fastdds_examples/TypicalExample/ros2com/install/fastdds_record_typesupport/include/fastdds_record_typesupport/idl/detail/hello__rosidl_typesupport_introspection_c.h
-- Installing: /home/qiliang/fastdds_examples/TypicalExample/ros2com/install/fastdds_record_typesupport/lib/libfastdds_record_typesupport__rosidl_typesupport_introspection_c.so
-- Set runtime path of "/home/qiliang/fastdds_examples/TypicalExample/ros2com/install/fastdds_record_typesupport/lib/libfastdds_record_typesupport__rosidl_typesupport_introspection_c.so" to ""
-- Installing: /home/qiliang/fastdds_examples/TypicalExample/ros2com/install/fastdds_record_typesupport/lib/libfastdds_record_typesupport__rosidl_typesupport_c.so
-- Set runtime path of "/home/qiliang/fastdds_examples/TypicalExample/ros2com/install/fastdds_record_typesupport/lib/libfastdds_record_typesupport__rosidl_typesupport_c.so" to ""
-- Up-to-date: /home/qiliang/fastdds_examples/TypicalExample/ros2com/install/fastdds_record_typesupport/include/fastdds_record_typesupport
-- Up-to-date: /home/qiliang/fastdds_examples/TypicalExample/ros2com/install/fastdds_record_typesupport/include/fastdds_record_typesupport/idl
-- Up-to-date: /home/qiliang/fastdds_examples/TypicalExample/ros2com/install/fastdds_record_typesupport/include/fastdds_record_typesupport/idl/detail
-- Installing: /home/qiliang/fastdds_examples/TypicalExample/ros2com/install/fastdds_record_typesupport/include/fastdds_record_typesupport/idl/detail/hello__traits.hpp
-- Installing: /home/qiliang/fastdds_examples/TypicalExample/ros2com/install/fastdds_record_typesupport/include/fastdds_record_typesupport/idl/detail/hello_world__builder.hpp
-- Installing: /home/qiliang/fastdds_examples/TypicalExample/ros2com/install/fastdds_record_typesupport/include/fastdds_record_typesupport/idl/detail/hello_world__struct.hpp
-- Installing: /home/qiliang/fastdds_examples/TypicalExample/ros2com/install/fastdds_record_typesupport/include/fastdds_record_typesupport/idl/detail/hello__builder.hpp
-- Installing: /home/qiliang/fastdds_examples/TypicalExample/ros2com/install/fastdds_record_typesupport/include/fastdds_record_typesupport/idl/detail/hello__struct.hpp
-- Installing: /home/qiliang/fastdds_examples/TypicalExample/ros2com/install/fastdds_record_typesupport/include/fastdds_record_typesupport/idl/detail/hello_world__traits.hpp
-- Installing: /home/qiliang/fastdds_examples/TypicalExample/ros2com/install/fastdds_record_typesupport/include/fastdds_record_typesupport/idl/hello.hpp
-- Installing: /home/qiliang/fastdds_examples/TypicalExample/ros2com/install/fastdds_record_typesupport/include/fastdds_record_typesupport/idl/hello_world.hpp
-- Up-to-date: /home/qiliang/fastdds_examples/TypicalExample/ros2com/install/fastdds_record_typesupport/include/fastdds_record_typesupport
-- Up-to-date: /home/qiliang/fastdds_examples/TypicalExample/ros2com/install/fastdds_record_typesupport/include/fastdds_record_typesupport/idl
-- Up-to-date: /home/qiliang/fastdds_examples/TypicalExample/ros2com/install/fastdds_record_typesupport/include/fastdds_record_typesupport/idl/detail
-- Installing: /home/qiliang/fastdds_examples/TypicalExample/ros2com/install/fastdds_record_typesupport/include/fastdds_record_typesupport/idl/detail/hello_world__rosidl_typesupport_introspection_cpp.hpp
-- Installing: /home/qiliang/fastdds_examples/TypicalExample/ros2com/install/fastdds_record_typesupport/include/fastdds_record_typesupport/idl/detail/hello__type_support.cpp
-- Installing: /home/qiliang/fastdds_examples/TypicalExample/ros2com/install/fastdds_record_typesupport/include/fastdds_record_typesupport/idl/detail/hello_world__type_support.cpp
-- Installing: /home/qiliang/fastdds_examples/TypicalExample/ros2com/install/fastdds_record_typesupport/include/fastdds_record_typesupport/idl/detail/hello__rosidl_typesupport_introspection_cpp.hpp
-- Installing: /home/qiliang/fastdds_examples/TypicalExample/ros2com/install/fastdds_record_typesupport/lib/libfastdds_record_typesupport__rosidl_typesupport_introspection_cpp.so
-- Set runtime path of "/home/qiliang/fastdds_examples/TypicalExample/ros2com/install/fastdds_record_typesupport/lib/libfastdds_record_typesupport__rosidl_typesupport_introspection_cpp.so" to ""
-- Installing: /home/qiliang/fastdds_examples/TypicalExample/ros2com/install/fastdds_record_typesupport/lib/libfastdds_record_typesupport__rosidl_typesupport_cpp.so
-- Set runtime path of "/home/qiliang/fastdds_examples/TypicalExample/ros2com/install/fastdds_record_typesupport/lib/libfastdds_record_typesupport__rosidl_typesupport_cpp.so" to ""
-- Installing: /home/qiliang/fastdds_examples/TypicalExample/ros2com/install/fastdds_record_typesupport/share/fastdds_record_typesupport/environment/pythonpath.sh
-- Installing: /home/qiliang/fastdds_examples/TypicalExample/ros2com/install/fastdds_record_typesupport/share/fastdds_record_typesupport/environment/pythonpath.dsv
-- Installing: /home/qiliang/fastdds_examples/TypicalExample/ros2com/install/fastdds_record_typesupport/lib/python3.8/site-packages/fastdds_record_typesupport/__init__.py
Compiling '/home/qiliang/fastdds_examples/TypicalExample/ros2com/install/fastdds_record_typesupport/lib/python3.8/site-packages/fastdds_record_typesupport/__init__.py'...
-- Installing: /home/qiliang/fastdds_examples/TypicalExample/ros2com/install/fastdds_record_typesupport/lib/python3.8/site-packages/fastdds_record_typesupport/idl
-- Installing: /home/qiliang/fastdds_examples/TypicalExample/ros2com/install/fastdds_record_typesupport/lib/python3.8/site-packages/fastdds_record_typesupport/idl/_hello_world_s.c
-- Installing: /home/qiliang/fastdds_examples/TypicalExample/ros2com/install/fastdds_record_typesupport/lib/python3.8/site-packages/fastdds_record_typesupport/idl/_hello_world.py
-- Installing: /home/qiliang/fastdds_examples/TypicalExample/ros2com/install/fastdds_record_typesupport/lib/python3.8/site-packages/fastdds_record_typesupport/idl/__init__.py
-- Installing: /home/qiliang/fastdds_examples/TypicalExample/ros2com/install/fastdds_record_typesupport/lib/python3.8/site-packages/fastdds_record_typesupport/idl/_hello.py
-- Installing: /home/qiliang/fastdds_examples/TypicalExample/ros2com/install/fastdds_record_typesupport/lib/python3.8/site-packages/fastdds_record_typesupport/idl/_hello_s.c
-- Installing: /home/qiliang/fastdds_examples/TypicalExample/ros2com/install/fastdds_record_typesupport/lib/python3.8/site-packages/fastdds_record_typesupport/fastdds_record_typesupport_s__rosidl_typesupport_fastrtps_c.cpython-38-x86_64-linux-gnu.so
-- Set runtime path of "/home/qiliang/fastdds_examples/TypicalExample/ros2com/install/fastdds_record_typesupport/lib/python3.8/site-packages/fastdds_record_typesupport/fastdds_record_typesupport_s__rosidl_typesupport_fastrtps_c.cpython-38-x86_64-linux-gnu.so" to ""
-- Installing: /home/qiliang/fastdds_examples/TypicalExample/ros2com/install/fastdds_record_typesupport/lib/python3.8/site-packages/fastdds_record_typesupport/fastdds_record_typesupport_s__rosidl_typesupport_introspection_c.cpython-38-x86_64-linux-gnu.so
-- Set runtime path of "/home/qiliang/fastdds_examples/TypicalExample/ros2com/install/fastdds_record_typesupport/lib/python3.8/site-packages/fastdds_record_typesupport/fastdds_record_typesupport_s__rosidl_typesupport_introspection_c.cpython-38-x86_64-linux-gnu.so" to ""
-- Installing: /home/qiliang/fastdds_examples/TypicalExample/ros2com/install/fastdds_record_typesupport/lib/python3.8/site-packages/fastdds_record_typesupport/fastdds_record_typesupport_s__rosidl_typesupport_c.cpython-38-x86_64-linux-gnu.so
-- Set runtime path of "/home/qiliang/fastdds_examples/TypicalExample/ros2com/install/fastdds_record_typesupport/lib/python3.8/site-packages/fastdds_record_typesupport/fastdds_record_typesupport_s__rosidl_typesupport_c.cpython-38-x86_64-linux-gnu.so" to ""
-- Installing: /home/qiliang/fastdds_examples/TypicalExample/ros2com/install/fastdds_record_typesupport/lib/libfastdds_record_typesupport__python.so
-- Set runtime path of "/home/qiliang/fastdds_examples/TypicalExample/ros2com/install/fastdds_record_typesupport/lib/libfastdds_record_typesupport__python.so" to ""
-- Installing: /home/qiliang/fastdds_examples/TypicalExample/ros2com/install/fastdds_record_typesupport/share/fastdds_record_typesupport/idl/HelloWorld.idl
-- Installing: /home/qiliang/fastdds_examples/TypicalExample/ros2com/install/fastdds_record_typesupport/share/ament_index/resource_index/package_run_dependencies/fastdds_record_typesupport
-- Installing: /home/qiliang/fastdds_examples/TypicalExample/ros2com/install/fastdds_record_typesupport/share/ament_index/resource_index/parent_prefix_path/fastdds_record_typesupport
-- Installing: /home/qiliang/fastdds_examples/TypicalExample/ros2com/install/fastdds_record_typesupport/share/fastdds_record_typesupport/environment/ament_prefix_path.sh
-- Installing: /home/qiliang/fastdds_examples/TypicalExample/ros2com/install/fastdds_record_typesupport/share/fastdds_record_typesupport/environment/ament_prefix_path.dsv
-- Installing: /home/qiliang/fastdds_examples/TypicalExample/ros2com/install/fastdds_record_typesupport/share/fastdds_record_typesupport/environment/path.sh
-- Installing: /home/qiliang/fastdds_examples/TypicalExample/ros2com/install/fastdds_record_typesupport/share/fastdds_record_typesupport/environment/path.dsv
-- Installing: /home/qiliang/fastdds_examples/TypicalExample/ros2com/install/fastdds_record_typesupport/share/fastdds_record_typesupport/local_setup.bash
-- Installing: /home/qiliang/fastdds_examples/TypicalExample/ros2com/install/fastdds_record_typesupport/share/fastdds_record_typesupport/local_setup.sh
-- Installing: /home/qiliang/fastdds_examples/TypicalExample/ros2com/install/fastdds_record_typesupport/share/fastdds_record_typesupport/local_setup.zsh
-- Installing: /home/qiliang/fastdds_examples/TypicalExample/ros2com/install/fastdds_record_typesupport/share/fastdds_record_typesupport/local_setup.dsv
-- Installing: /home/qiliang/fastdds_examples/TypicalExample/ros2com/install/fastdds_record_typesupport/share/fastdds_record_typesupport/package.dsv
-- Installing: /home/qiliang/fastdds_examples/TypicalExample/ros2com/install/fastdds_record_typesupport/share/ament_index/resource_index/packages/fastdds_record_typesupport
-- Installing: /home/qiliang/fastdds_examples/TypicalExample/ros2com/install/fastdds_record_typesupport/share/fastdds_record_typesupport/cmake/fastdds_record_typesupport__rosidl_generator_cExport.cmake
-- Installing: /home/qiliang/fastdds_examples/TypicalExample/ros2com/install/fastdds_record_typesupport/share/fastdds_record_typesupport/cmake/fastdds_record_typesupport__rosidl_generator_cExport-noconfig.cmake
-- Installing: /home/qiliang/fastdds_examples/TypicalExample/ros2com/install/fastdds_record_typesupport/share/fastdds_record_typesupport/cmake/fastdds_record_typesupport__rosidl_typesupport_introspection_cExport.cmake
-- Installing: /home/qiliang/fastdds_examples/TypicalExample/ros2com/install/fastdds_record_typesupport/share/fastdds_record_typesupport/cmake/fastdds_record_typesupport__rosidl_typesupport_introspection_cExport-noconfig.cmake
-- Installing: /home/qiliang/fastdds_examples/TypicalExample/ros2com/install/fastdds_record_typesupport/share/fastdds_record_typesupport/cmake/fastdds_record_typesupport__rosidl_typesupport_cExport.cmake
-- Installing: /home/qiliang/fastdds_examples/TypicalExample/ros2com/install/fastdds_record_typesupport/share/fastdds_record_typesupport/cmake/fastdds_record_typesupport__rosidl_typesupport_cExport-noconfig.cmake
-- Installing: /home/qiliang/fastdds_examples/TypicalExample/ros2com/install/fastdds_record_typesupport/share/fastdds_record_typesupport/cmake/fastdds_record_typesupport__rosidl_generator_cppExport.cmake
-- Installing: /home/qiliang/fastdds_examples/TypicalExample/ros2com/install/fastdds_record_typesupport/share/fastdds_record_typesupport/cmake/fastdds_record_typesupport__rosidl_typesupport_introspection_cppExport.cmake
-- Installing: /home/qiliang/fastdds_examples/TypicalExample/ros2com/install/fastdds_record_typesupport/share/fastdds_record_typesupport/cmake/fastdds_record_typesupport__rosidl_typesupport_introspection_cppExport-noconfig.cmake
-- Installing: /home/qiliang/fastdds_examples/TypicalExample/ros2com/install/fastdds_record_typesupport/share/fastdds_record_typesupport/cmake/fastdds_record_typesupport__rosidl_typesupport_cppExport.cmake
-- Installing: /home/qiliang/fastdds_examples/TypicalExample/ros2com/install/fastdds_record_typesupport/share/fastdds_record_typesupport/cmake/fastdds_record_typesupport__rosidl_typesupport_cppExport-noconfig.cmake
-- Installing: /home/qiliang/fastdds_examples/TypicalExample/ros2com/install/fastdds_record_typesupport/share/fastdds_record_typesupport/cmake/rosidl_cmake-extras.cmake
-- Installing: /home/qiliang/fastdds_examples/TypicalExample/ros2com/install/fastdds_record_typesupport/share/fastdds_record_typesupport/cmake/ament_cmake_export_dependencies-extras.cmake
-- Installing: /home/qiliang/fastdds_examples/TypicalExample/ros2com/install/fastdds_record_typesupport/share/fastdds_record_typesupport/cmake/ament_cmake_export_libraries-extras.cmake
-- Installing: /home/qiliang/fastdds_examples/TypicalExample/ros2com/install/fastdds_record_typesupport/share/fastdds_record_typesupport/cmake/ament_cmake_export_targets-extras.cmake
-- Installing: /home/qiliang/fastdds_examples/TypicalExample/ros2com/install/fastdds_record_typesupport/share/fastdds_record_typesupport/cmake/ament_cmake_export_include_directories-extras.cmake
-- Installing: /home/qiliang/fastdds_examples/TypicalExample/ros2com/install/fastdds_record_typesupport/share/fastdds_record_typesupport/cmake/rosidl_cmake_export_typesupport_libraries-extras.cmake
-- Installing: /home/qiliang/fastdds_examples/TypicalExample/ros2com/install/fastdds_record_typesupport/share/fastdds_record_typesupport/cmake/rosidl_cmake_export_typesupport_targets-extras.cmake
-- Installing: /home/qiliang/fastdds_examples/TypicalExample/ros2com/install/fastdds_record_typesupport/share/fastdds_record_typesupport/cmake/fastdds_record_typesupportConfig.cmake
-- Installing: /home/qiliang/fastdds_examples/TypicalExample/ros2com/install/fastdds_record_typesupport/share/fastdds_record_typesupport/cmake/fastdds_record_typesupportConfig-version.cmake
-- Installing: /home/qiliang/fastdds_examples/TypicalExample/ros2com/install/fastdds_record_typesupport/share/fastdds_record_typesupport/package.xml
